<?xml version="1.0" encoding="UTF-8" ?>
<testsuite errors="0" failures="0" name="cn.hxex.blog.test.AllTests" tests="1" time="0.872">
  <properties>
    <property name="java.vendor" value="Sun Microsystems Inc."></property>
    <property name="sun.management.compiler" value="HotSpot Client Compiler"></property>
    <property name="env.PROMPT" value="$P$G"></property>
    <property name="os.name" value="Windows XP"></property>
    <property name="env.FP_NO_HOST_CHECK" value="NO"></property>
    <property name="distpath.project" value="D:\DEV\Tomcat5/webapps"></property>
    <property name="sun.boot.class.path" value="D:\DEV\JDK1.5\jre\lib\rt.jar;D:\DEV\JDK1.5\jre\lib\i18n.jar;D:\DEV\JDK1.5\jre\lib\sunrsasign.jar;D:\DEV\JDK1.5\jre\lib\jsse.jar;D:\DEV\JDK1.5\jre\lib\jce.jar;D:\DEV\JDK1.5\jre\lib\charsets.jar;D:\DEV\JDK1.5\jre\classes"></property>
    <property name="env.COMPUTERNAME" value="LIUF"></property>
    <property name="jsp-api.jar" value="D:\DEV\Tomcat5/common/lib/jsp-api.jar"></property>
    <property name="env.ALLUSERSPROFILE" value="C:\Documents and Settings\All Users"></property>
    <property name="sun.desktop" value="windows"></property>
    <property name="java.vm.specification.vendor" value="Sun Microsystems Inc."></property>
    <property name="ant.home" value="D:\dev\apache-ant-1.6.5"></property>
    <property name="java.runtime.version" value="1.5.0_04-b05"></property>
    <property name="env.HOMEPATH" value="\Documents and Settings\home"></property>
    <property name="env.__COMPAT_LAYER" value="EnableNXShowUI "></property>
    <property name="user.name" value="home"></property>
    <property name="build.dir" value="dest"></property>
    <property name="dir.classes" value="WebRoot/WEB-INF/classes"></property>
    <property name="user.language" value="zh"></property>
    <property name="sun.boot.library.path" value="D:\DEV\JDK1.5\jre\bin"></property>
    <property name="ant.project.name" value="blog"></property>
    <property name="java.version" value="1.5.0_04"></property>
    <property name="env.PROCESSOR_IDENTIFIER" value="x86 Family 15 Model 28 Stepping 0, AuthenticAMD"></property>
    <property name="user.timezone" value=""></property>
    <property name="env.CLIENTNAME" value="Console"></property>
    <property name="env.TEMP" value="C:\DOCUME~1\home\LOCALS~1\Temp"></property>
    <property name="sun.arch.data.model" value="32"></property>
    <property name="java.endorsed.dirs" value="D:\DEV\JDK1.5\jre\lib\endorsed"></property>
    <property name="env._JAVACMD" value="D:\DEV\JDK1.5\bin\java.exe"></property>
    <property name="sun.cpu.isalist" value=""></property>
    <property name="env.HOMEDRIVE" value="C:"></property>
    <property name="sun.jnu.encoding" value="GB18030"></property>
    <property name="file.encoding.pkg" value="sun.io"></property>
    <property name="file.separator" value="\"></property>
    <property name="java.specification.name" value="Java Platform API Specification"></property>
    <property name="java.class.version" value="49.0"></property>
    <property name="user.country" value="CN"></property>
    <property name="java.home" value="D:\DEV\JDK1.5\jre"></property>
    <property name="env.APPDATA" value="C:\Documents and Settings\home\Application Data"></property>
    <property name="java.vm.info" value="mixed mode, sharing"></property>
    <property name="env.CATALINA_HOME" value="D:\DEV\Tomcat5"></property>
    <property name="env.ComSpec" value="C:\WINDOWS\system32\cmd.exe"></property>
    <property name="env.OS" value="Windows_NT"></property>
    <property name="env.CommonProgramFiles" value="C:\Program Files\Common Files"></property>
    <property name="ant.file" value="E:\struts\blog\build.xml"></property>
    <property name="os.version" value="5.1"></property>
    <property name="env._USE_CLASSPATH" value="yes"></property>
    <property name="path.separator" value=";"></property>
    <property name="java.vm.version" value="1.5.0_04-b05"></property>
    <property name="user.variant" value=""></property>
    <property name="env.USERPROFILE" value="C:\Documents and Settings\home"></property>
    <property name="ant.library.dir" value="D:\dev\apache-ant-1.6.5\lib"></property>
    <property name="env.JAVA_HOME" value="D:\DEV\JDK1.5"></property>
    <property name="java.awt.printerjob" value="sun.awt.windows.WPrinterJob"></property>
    <property name="env.TMP" value="C:\DOCUME~1\home\LOCALS~1\Temp"></property>
    <property name="dir.webinf" value="WebRoot/WEB-INF"></property>
    <property name="sun.io.unicode.encoding" value="UnicodeLittle"></property>
    <property name="awt.toolkit" value="sun.awt.windows.WToolkit"></property>
    <property name="servlet-api.jar" value="D:\DEV\Tomcat5/common/lib/servlet-api.jar"></property>
    <property name="user.home" value="C:\Documents and Settings\home"></property>
    <property name="env.SESSIONNAME" value="Console"></property>
    <property name="project.distname" value="blog"></property>
    <property name="java.specification.vendor" value="Sun Microsystems Inc."></property>
    <property name="env.NUMBER_OF_PROCESSORS" value="1"></property>
    <property name="java.library.path" value="D:\DEV\JDK1.5\bin;.;C:\WINDOWS\system32;C:\WINDOWS;D:\dev\apache-ant-1.6.5\bin;D:\DEV\JDK1.5\bin;C:\WINDOWS\system32;C:\WINDOWS;C:\WINDOWS\System32\Wbem;C:\Program Files\MySQL\MySQL Server 4.1\bin"></property>
    <property name="java.vendor.url" value="http://java.sun.com/"></property>
    <property name="java.vm.vendor" value="Sun Microsystems Inc."></property>
    <property name="dir.src" value="src"></property>
    <property name="java.runtime.name" value="Java(TM) 2 Runtime Environment, Standard Edition"></property>
    <property name="ant.version" value="Apache Ant version 1.6.5 compiled on June 2 2005"></property>
    <property name="java.class.path" value="D:\dev\apache-ant-1.6.5\lib\ant-launcher.jar;D:\dev\apache-ant-1.6.5\lib\ant-antlr.jar;D:\dev\apache-ant-1.6.5\lib\ant-apache-bcel.jar;D:\dev\apache-ant-1.6.5\lib\ant-apache-bsf.jar;D:\dev\apache-ant-1.6.5\lib\ant-apache-log4j.jar;D:\dev\apache-ant-1.6.5\lib\ant-apache-oro.jar;D:\dev\apache-ant-1.6.5\lib\ant-apache-regexp.jar;D:\dev\apache-ant-1.6.5\lib\ant-apache-resolver.jar;D:\dev\apache-ant-1.6.5\lib\ant-commons-logging.jar;D:\dev\apache-ant-1.6.5\lib\ant-commons-net.jar;D:\dev\apache-ant-1.6.5\lib\ant-icontract.jar;D:\dev\apache-ant-1.6.5\lib\ant-jai.jar;D:\dev\apache-ant-1.6.5\lib\ant-javamail.jar;D:\dev\apache-ant-1.6.5\lib\ant-jdepend.jar;D:\dev\apache-ant-1.6.5\lib\ant-jmf.jar;D:\dev\apache-ant-1.6.5\lib\ant-jsch.jar;D:\dev\apache-ant-1.6.5\lib\ant-junit.jar;D:\dev\apache-ant-1.6.5\lib\ant-launcher.jar;D:\dev\apache-ant-1.6.5\lib\ant-netrexx.jar;D:\dev\apache-ant-1.6.5\lib\ant-nodeps.jar;D:\dev\apache-ant-1.6.5\lib\ant-starteam.jar;D:\dev\apache-ant-1.6.5\lib\ant-stylebook.jar;D:\dev\apache-ant-1.6.5\lib\ant-swing.jar;D:\dev\apache-ant-1.6.5\lib\ant-trax.jar;D:\dev\apache-ant-1.6.5\lib\ant-vaj.jar;D:\dev\apache-ant-1.6.5\lib\ant-weblogic.jar;D:\dev\apache-ant-1.6.5\lib\ant-xalan1.jar;D:\dev\apache-ant-1.6.5\lib\ant-xslp.jar;D:\dev\apache-ant-1.6.5\lib\ant.jar;D:\dev\apache-ant-1.6.5\lib\junit.jar;D:\dev\apache-ant-1.6.5\lib\xercesImpl.jar;D:\dev\apache-ant-1.6.5\lib\xml-apis.jar;D:\DEV\JDK1.5\lib\tools.jar"></property>
    <property name="project.version" value="1.1"></property>
    <property name="java.vm.specification.name" value="Java Virtual Machine Specification"></property>
    <property name="env.windir" value="C:\WINDOWS"></property>
    <property name="env.LOGONSERVER" value="\\LIUF"></property>
    <property name="java.vm.specification.version" value="1.0"></property>
    <property name="env.PROCESSOR_ARCHITECTURE" value="x86"></property>
    <property name="sun.os.patch.level" value="Service Pack 2"></property>
    <property name="sun.cpu.endian" value="little"></property>
    <property name="env.ProgramFiles" value="C:\Program Files"></property>
    <property name="env.ANT_HOME" value="D:\dev\apache-ant-1.6.5"></property>
    <property name="java.io.tmpdir" value="C:\DOCUME~1\home\LOCALS~1\Temp\"></property>
    <property name="env.PROCESSOR_REVISION" value="1c00"></property>
    <property name="project.title" value="Hibernate Tutorial "></property>
    <property name="java.vendor.url.bug" value="http://java.sun.com/cgi-bin/bugreport.cgi"></property>
    <property name="dir.etc" value="etc"></property>
    <property name="env.SystemRoot" value="C:\WINDOWS"></property>
    <property name="os.arch" value="x86"></property>
    <property name="env.ANT_CMD_LINE_ARGS" value="test"></property>
    <property name="ant.file.blog" value="E:\struts\blog\build.xml"></property>
    <property name="java.awt.graphicsenv" value="sun.awt.Win32GraphicsEnvironment"></property>
    <property name="java.ext.dirs" value="D:\DEV\JDK1.5\jre\lib\ext"></property>
    <property name="user.dir" value="E:\struts\blog"></property>
    <property name="line.separator" value="
"></property>
    <property name="java.vm.name" value="Java HotSpot(TM) Client VM"></property>
    <property name="env.PATHEXT" value=".COM;.EXE;.BAT;.CMD;.VBS;.VBE;.JS;.JSE;.WSF;.WSH"></property>
    <property name="env.Path" value="D:\dev\apache-ant-1.6.5\bin;D:\DEV\JDK1.5\bin;C:\WINDOWS\system32;C:\WINDOWS;C:\WINDOWS\System32\Wbem;C:\Program Files\MySQL\MySQL Server 4.1\bin"></property>
    <property name="tomcat.home" value="D:\DEV\Tomcat5"></property>
    <property name="basedir" value="E:\struts\blog"></property>
    <property name="ant.java.version" value="1.5"></property>
    <property name="env.USERNAME" value="home"></property>
    <property name="env.SystemDrive" value="C:"></property>
    <property name="file.encoding" value="GB18030"></property>
    <property name="env.USERDOMAIN" value="LIUF"></property>
    <property name="java.specification.version" value="1.5"></property>
    <property name="env.PROCESSOR_LEVEL" value="15"></property>
  </properties>
  <testcase classname="cn.hxex.blog.test.TestDaoFactory" name="testDaoFactory" time="0.731"></testcase>
  <system-out><![CDATA[]]></system-out>
  <system-err><![CDATA[2006-7-31 20:52:27 cn.hxex.blog.dao.DaoFactory getDao
信息: Getting the dao:userDao
2006-7-31 20:52:27 cn.hxex.blog.dao.DaoFactory getDao
信息: Getting the dao:messageDao
]]></system-err>
</testsuite>
